<?xml version="1.0" encoding="UTF-8"?>
<testng-results skipped="0" failed="0" total="1" passed="1">
  <reporter-output>
  </reporter-output>
  <suite name="Default suite" duration-ms="125" started-at="2014-08-21T02:43:55Z" finished-at="2014-08-21T02:43:56Z">
    <groups>
    </groups>
    <test name="Default test" duration-ms="125" started-at="2014-08-21T02:43:55Z" finished-at="2014-08-21T02:43:56Z">
      <class name="voxelhashtests.RayIteratorTest">
        <test-method status="PASS" signature="RayIterator()[pri:0, instance:voxelhashtests.RayIteratorTest@133adc]" name="RayIterator" duration-ms="62" started-at="2014-08-20T19:43:55Z" finished-at="2014-08-20T19:43:56Z">
          <reporter-output>
          </reporter-output>
        </test-method> <!-- RayIterator -->
      </class> <!-- voxelhashtests.RayIteratorTest -->
    </test> <!-- Default test -->
  </suite> <!-- Default suite -->
</testng-results>
